<?xml version="1.0" encoding="UTF-8"?>
<!-- Generated by org.testng.reporters.JUnitReportReporter -->
<testsuite hostname="MSI" failures="0" tests="1" name="TestCases.sampleTest" time="0.012" errors="0" timestamp="2023-02-20T16:02:06 IST" skipped="0">
  <testcase classname="TestCases.sampleTest" name="sample" time="0.012"/>
  <system-out/>
</testsuite> <!-- TestCases.sampleTest -->
