<?xml version="1.0" encoding="UTF-8"?>
<!-- Generated by org.testng.reporters.JUnitReportReporter -->
<testsuite hostname="MSI" failures="0" tests="1" name="ReadExcelFile.ReadExcelFile3" time="0.479" errors="0" timestamp="2023-03-02T18:52:14 IST" skipped="0">
  <testcase classname="ReadExcelFile.ReadExcelFile3" name="excelRead" time="0.479"/>
  <system-out/>
</testsuite> <!-- ReadExcelFile.ReadExcelFile3 -->
