<?xml version="1.0" encoding="UTF-8"?>
<!-- Generated by org.testng.reporters.JUnitReportReporter -->
<testsuite hostname="MSI" failures="0" tests="1" name="ReadExcelFile.ReadExcelFile5" time="0.469" errors="0" timestamp="2023-03-02T19:12:40 IST" skipped="0">
  <testcase classname="ReadExcelFile.ReadExcelFile5" name="excelRead" time="0.469"/>
  <system-out/>
</testsuite> <!-- ReadExcelFile.ReadExcelFile5 -->
