<?xml version="1.0" encoding="UTF-8"?>
<!-- Generated by org.testng.reporters.JUnitReportReporter -->
<testsuite hostname="MSI" failures="0" tests="1" name="TestCases.DefaultLandingPage" time="2.774" errors="0" timestamp="2023-03-10T00:21:21 IST" skipped="0">
  <testcase classname="TestCases.DefaultLandingPage" name="getsocialmeadiaicons" time="2.774"/>
  <system-out/>
</testsuite> <!-- TestCases.DefaultLandingPage -->
