<?xml version="1.0" encoding="UTF-8"?>
<!-- Generated by org.testng.reporters.JUnitReportReporter -->
<testsuite hostname="MSI" failures="0" tests="1" name="ReadExcelFile.ReadExcelFile" time="0.465" errors="0" timestamp="2023-03-02T18:27:13 IST" skipped="0">
  <testcase classname="ReadExcelFile.ReadExcelFile" name="excelRead" time="0.465"/>
  <system-out/>
</testsuite> <!-- ReadExcelFile.ReadExcelFile -->
