<?xml version="1.0" encoding="UTF-8"?>
<!-- Generated by org.testng.reporters.JUnitReportReporter -->
<testsuite hostname="MSI" failures="0" tests="1" name="ReadExcelFile.ReadExcelFile2" time="0.455" errors="0" timestamp="2023-03-02T18:40:07 IST" skipped="0">
  <testcase classname="ReadExcelFile.ReadExcelFile2" name="excelRead" time="0.455"/>
  <system-out/>
</testsuite> <!-- ReadExcelFile.ReadExcelFile2 -->
