<?xml version="1.0" encoding="UTF-8"?>
<!-- Generated by org.testng.reporters.JUnitReportReporter -->
<testsuite hostname="MSI" failures="0" tests="1" name="ReadExcelFile.ReadExcelFile4" time="0.460" errors="0" timestamp="2023-03-02T18:54:16 IST" skipped="0">
  <testcase classname="ReadExcelFile.ReadExcelFile4" name="excelRead" time="0.460"/>
  <system-out/>
</testsuite> <!-- ReadExcelFile.ReadExcelFile4 -->
