<?xml version="1.0" encoding="UTF-8"?>
<!-- Generated by org.testng.reporters.JUnitReportReporter -->
<testsuite hostname="MSI" failures="0" tests="3" name="TestCases.loginpageTest" time="2.544" errors="0" timestamp="2023-03-10T00:21:21 IST" skipped="0">
  <testcase classname="TestCases.loginpageTest" name="HomePage" time="0.028"/>
  <system-out/>
  <testcase classname="TestCases.loginpageTest" name="login" time="2.502"/>
  <system-out/>
  <testcase classname="TestCases.loginpageTest" name="loggedOut" time="0.014"/>
  <system-out/>
</testsuite> <!-- TestCases.loginpageTest -->
