<?xml version="1.0" encoding="UTF-8"?>
<!-- Generated by org.testng.reporters.JUnitReportReporter -->
<testsuite hostname="MSI" failures="0" tests="1" name="TestCases.DefaultLandingPage" time="3.275" errors="0" timestamp="2023-03-12T10:51:04 IST" skipped="0">
  <testcase classname="TestCases.DefaultLandingPage" name="getsocialmeadiaicons" time="3.275"/>
  <system-out/>
</testsuite> <!-- TestCases.DefaultLandingPage -->
